ADDED: [id:1234;username:r;score:85;grade:B]
ADDED: [id:1235;username:w;score:59;grade:F]
FOUND SAME USERNAME: r
ADDED: [id:1566;username:n;score:75;grade:C]
ADDED: [id:6564;username:t;score:82;grade:B]
ADDED: [id:1353;username:s;score:82;grade:B]
ADDED: [id:5346;username:m;score:64;grade:D]
ADDED: [id:3465;username:i;score:60;grade:D]
ADDED: [id:5663;username:v;score:98;grade:A]
FOUND SAME USERNAME: t
ADDED: [id:6546;username:ae;score:43;grade:F]
ADDED: [id:4432;username:rt;score:85;grade:B]
ADDED: [id:4233;username:wf;score:59;grade:F]
ADDED: [id:5345;username:rh;score:95;grade:A]
ADDED: [id:6566;username:nr;score:75;grade:C]
ADDED: [id:4555;username:tw;score:82;grade:B]
ADDED: [id:6579;username:sf;score:82;grade:B]
FOUND DUPE OF: 6546
ADDED: [id:9780;username:ih;score:60;grade:D]
ADDED: [id:3435;username:vf;score:98;grade:A]
ADDED: [id:7658;username:tj;score:87;grade:B]
ADDED: [id:2487;username:af;score:43;grade:F]
ADDED: [id:4232;username:jh;score:100;grade:A]
ADDED: [id:5466;username:ej;score:90;grade:A]
ADDED: [id:8988;username:rg;score:50;grade:F]
ADDED: [id:4667;username:fn;score:79;grade:C]
SORTING BY GRADE
REMOVING BY GRADE: [id:1235;username:w;score:59;grade:F]
REMOVING BY GRADE: [id:4233;username:wf;score:59;grade:F]
REMOVING BY GRADE: [id:2487;username:af;score:43;grade:F]
REMOVING BY GRADE: [id:8988;username:rg;score:50;grade:F]
20
Test case 7 time: 0.053010
Desired test case 7 time interval: 0.053000 ~ 0.097000
