DUPLICATE FOUND REPLACING{w}WITH{r}
MISSING
DUPLICATE FOUND {t}
MISSING
DUPLICATE FOUND REPLACING{ae}WITH{mg}
MISSING
OUT OF ORDER [id:6789;grade:C;username:es;score:100]
MISSING
MISSING
DUPLICATE FOUND {hank}
SORTING BY SCORE
MISSING
DUPLICATE FOUND REPLACING{squirtle}WITH{squirtle}
SORTING BY GRADE
SORTING BY SCORE
REMOVED BY GRADE {jh}
REMOVED BY GRADE {meowth}
REMOVED BY GRADE {vf}
REMOVED BY GRADE {v}
REMOVED BY GRADE {vision}
REMOVED BY GRADE {rh}
REMOVED BY GRADE {tony}
REMOVED BY GRADE {r}
REMOVED BY GRADE {eevee}
REMOVED BY GRADE {ej}
SORTING BY ID
Test case 9 time: 0.264248
Desired test case 9 time interval: 0.021000 ~ 0.037000
