ADDED: [id:4256;username:groot;score:85;grade:B]
ADDED: [id:2375;username:steve;score:59;grade:F]
ADDED: [id:8493;username:tony;score:95;grade:A]
ADDED: [id:9374;username:wanda;score:75;grade:C]
ADDED: [id:7346;username:janet;score:82;grade:B]
ADDED: [id:8293;username:steven;score:82;grade:B]
ADDED: [id:8374;username:hank;score:64;grade:D]
ADDED: [id:8364;username:bruce;score:60;grade:D]
ADDED: [id:7694;username:vision;score:98;grade:A]
FOUND SAME USERNAME: hank
ADDED: [id:3233;username:peter;score:43;grade:F]
SORTING BY SCORE
SORTING BY USERNAME
REMOVING BY USERNAME: [id:4256;username:groot;score:85;grade:B]
SORTING BY SCORE
REMOVING BY GRADE: [id:7694;username:vision;score:98;grade:A]
REMOVING BY GRADE: [id:8493;username:tony;score:95;grade:A]
6
Test case 6 time: 0.003834
Desired test case 6 time interval: 2.800000 ~ 5.200000
