O B O B X 
X O O O O 
B X O O O 
O B X O O 
O O O O O 
O O O O O 

O B O B X 
X O O O O 
B X O O O 
O B X O O 
O O O O O 
O O O O O 

O B O B X 
X O O O O 
B X O O O 
O B X O O 
O O O O O 
O O O O O 

O B O B X 
X O O O O 
B X O O O 
O B X O O 
O O O O O 
O O O O O 

O O O X X 
X O O O O 
B X O O O 
O B X O O 
O O O O O 
O O O O O 

O O O O X 
X B O O O 
O X O O O 
O O X O O 
O O O O O 
B B O B O 

X O O O X 
X O O O O 
B X O O O 
B O X O O 
O O O O O 
O O O O O 

O O O X X 
X O O O O 
B X O O O 
O B X O O 
O O O O O 
O O O O O 

O O O O X 
X B O O O 
O X O O O 
O O X O O 
O O O O O 
B B O B O 

X O O O X 
X O O O O 
B X O O O 
B O X O O 
O O O O O 
O O O O O 

O O O X X 
X O O O O 
B X O O O 
O B X O O 
O O O O O 
O O O O O 

O O O O X 
X B O O O 
O X O O O 
O O X O O 
O O O O O 
B B O B O 

X O O O X 
X O O O O 
B X O O O 
B O X O O 
O O O O O 
O O O O O 

O O O X X 
X O O O O 
B X O O O 
O B X O O 
O O O O O 
O O O O O 

O O O O X 
X B O O O 
O X O O O 
O O X O O 
O O O O O 
B B O B O 

X O O O X 
X O O O O 
B X O O O 
B O X O O 
O O O O O 
O O O O O 

O O O X X 
X O O O O 
O X O O O 
O O X O O 
O O O O O 
B B O O O 

O O O X X 
X O O O O 
B X O O O 
B O X O O 
O O O O O 
O O O O O 

O B O B X 
X O O O O 
B X O O O 
O B X O O 
O O O O O 
O O O O O 

O O O O X 
X O O O B 
O X O O O 
O O X O O 
O O O O O 
O O O B X 

O O O O X 
X B O O O 
O X O O O 
O O X O O 
O O O O O 
X B O O O 

X O O O X 
X O O O O 
X X O O O 
O O X O O 
O O O O O 
O O O O O 

Test case 8 time: 0.036488
Desired test case 8 time interval: 2.100000 ~ 3.900000
